<?xml version="1.0" encoding="UTF-8"?>
<!-- Generated by org.testng.reporters.JUnitReportReporter -->
<testsuite hostname="KarFamily" failures="0" tests="3" name="kartestingprojects.seleniumjavatest.cartApply" time="28.169" errors="0" timestamp="2025-01-29T07:47:04 IST" skipped="0">
  <testcase classname="kartestingprojects.seleniumjavatest.cartApply" name="submitProductTest" time="8.819"/>
  <testcase classname="kartestingprojects.seleniumjavatest.cartApply" name="OrderCheckTest" time="10.573"/>
  <testcase classname="kartestingprojects.seleniumjavatest.cartApply" name="submitProductTest" time="8.777"/>
</testsuite> <!-- kartestingprojects.seleniumjavatest.cartApply -->
