<?xml version="1.0" encoding="UTF-8"?>
<!-- Generated by org.testng.reporters.JUnitReportReporter -->
<testsuite hostname="KarFamily" failures="0" tests="2" name="cucumber.TestNgTestRunner" time="21.139" errors="0" timestamp="2025-02-01T19:29:40 IST" skipped="0">
  <testcase classname="cucumber.TestNgTestRunner" name="runScenario" time="11.878"/>
  <testcase classname="cucumber.TestNgTestRunner" name="runScenario" time="9.261"/>
</testsuite> <!-- cucumber.TestNgTestRunner -->
