<?xml version="1.0" encoding="UTF-8"?>
<!-- Generated by org.testng.reporters.JUnitReportReporter -->
<testsuite hostname="KarFamily" failures="0" tests="2" name="kartestingprojects.seleniumjavatest.errorValidations" time="13.753" errors="0" timestamp="2025-01-30T07:14:28 IST" skipped="0">
  <testcase classname="kartestingprojects.seleniumjavatest.errorValidations" name="loginPageValidation" time="5.661"/>
  <testcase classname="kartestingprojects.seleniumjavatest.errorValidations" name="productCatalougueValidation" time="8.092"/>
</testsuite> <!-- kartestingprojects.seleniumjavatest.errorValidations -->
