<?xml version="1.0" encoding="UTF-8"?>
<!-- Generated by org.testng.reporters.JUnitReportReporter -->
<testsuite hostname="KarFamily" failures="0" tests="3" name="kartestingprojects.seleniumjavatest.cartApply" time="27.768" errors="0" timestamp="2025-01-30T07:14:28 IST" skipped="0">
  <testcase classname="kartestingprojects.seleniumjavatest.cartApply" name="submitProductTest" time="10.525"/>
  <testcase classname="kartestingprojects.seleniumjavatest.cartApply" name="submitProductTest" time="11.486"/>
  <testcase classname="kartestingprojects.seleniumjavatest.cartApply" name="OrderCheckTest" time="5.757"/>
</testsuite> <!-- kartestingprojects.seleniumjavatest.cartApply -->
