<?xml version="1.0" encoding="UTF-8"?>
<!-- Generated by org.testng.reporters.JUnitReportReporter -->
<testsuite hostname="KarFamily" failures="0" tests="2" name="cucumber.TestNgTestRunner" time="24.073" errors="0" timestamp="2025-02-01T19:44:41 IST" skipped="0">
  <testcase classname="cucumber.TestNgTestRunner" name="runScenario" time="13.783"/>
  <testcase classname="cucumber.TestNgTestRunner" name="runScenario" time="10.290"/>
</testsuite> <!-- cucumber.TestNgTestRunner -->
